<?xml version="1.0" encoding="UTF-8"?>
<!-- Generated by org.testng.reporters.JUnitReportReporter -->
<testsuite hostname="Sahils-Air.attlocal.net" failures="0" tests="1" name="com.w2a.TestCases.AddCustomerTest" time="0.000" errors="0" timestamp="27 Feb 2019 06:52:13 GMT" skipped="1">
  <testcase classname="com.w2a.TestCases.AddCustomerTest" name="addCustomer" time="0.000">
    <skipped/>
  </testcase> <!-- addCustomer -->
</testsuite> <!-- com.w2a.TestCases.AddCustomerTest -->
